TN:
SF:Classes/Category/Category.js
FN:4,(anonymous_0)
FN:5,(anonymous_1)
FN:14,(anonymous_2)
FN:15,(anonymous_3)
FNF:4
FNH:4
FNDA:18,(anonymous_0)
FNDA:3,(anonymous_1)
FNDA:2,(anonymous_2)
FNDA:2,(anonymous_3)
DA:2,3
DA:5,18
DA:6,1
DA:7,1
DA:10,17
DA:11,17
DA:15,2
DA:17,2
DA:18,1
DA:21,1
DA:24,3
LF:11
LH:11
BRDA:5,0,0,1
BRDA:5,0,1,17
BRDA:17,1,0,1
BRDA:17,1,1,1
BRF:4
BRH:4
end_of_record
TN:
SF:Classes/Ingredient/Ingredient.js
FN:6,(anonymous_0)
FN:22,(anonymous_1)
FN:26,(anonymous_2)
FN:30,(anonymous_3)
FN:34,(anonymous_4)
FN:38,(anonymous_5)
FN:42,(anonymous_6)
FN:46,(anonymous_7)
FN:50,(anonymous_8)
FN:54,(anonymous_9)
FN:58,(anonymous_10)
FN:62,(anonymous_11)
FN:66,(anonymous_12)
FNF:13
FNH:13
FNDA:10,(anonymous_0)
FNDA:3,(anonymous_1)
FNDA:6,(anonymous_2)
FNDA:3,(anonymous_3)
FNDA:3,(anonymous_4)
FNDA:7,(anonymous_5)
FNDA:6,(anonymous_6)
FNDA:1,(anonymous_7)
FNDA:1,(anonymous_8)
FNDA:1,(anonymous_9)
FNDA:1,(anonymous_10)
FNDA:1,(anonymous_11)
FNDA:1,(anonymous_12)
DA:1,2
DA:2,2
DA:5,2
DA:7,10
DA:8,9
DA:9,9
DA:10,9
DA:11,9
DA:12,9
DA:13,9
DA:15,9
DA:16,9
DA:18,1
DA:23,3
DA:27,6
DA:31,3
DA:35,3
DA:39,7
DA:43,6
DA:47,1
DA:51,1
DA:55,1
DA:59,1
DA:63,1
DA:67,1
DA:71,2
LF:26
LH:26
BRDA:7,0,0,9
BRDA:7,0,1,1
BRDA:7,1,0,10
BRDA:7,1,1,10
BRF:4
BRH:4
end_of_record
TN:
SF:Classes/Recipe/Recipe.js
FN:5,(anonymous_0)
FN:12,(anonymous_1)
FN:24,(anonymous_2)
FN:27,(anonymous_3)
FN:43,(anonymous_4)
FNF:5
FNH:5
FNDA:7,(anonymous_0)
FNDA:6,(anonymous_1)
FNDA:4,(anonymous_2)
FNDA:4,(anonymous_3)
FNDA:3,(anonymous_4)
DA:1,1
DA:2,1
DA:6,7
DA:7,7
DA:8,7
DA:9,7
DA:13,6
DA:14,5
DA:20,1
DA:25,4
DA:27,4
DA:28,4
DA:29,4
DA:31,4
DA:32,3
DA:33,2
DA:34,2
DA:36,1
DA:37,1
DA:40,3
DA:44,3
DA:45,1
DA:46,2
DA:47,1
DA:49,1
DA:54,1
LF:26
LH:26
BRDA:13,0,0,5
BRDA:13,0,1,1
BRDA:13,1,0,6
BRDA:13,1,1,6
BRDA:13,1,2,6
BRDA:31,2,0,3
BRDA:31,2,1,1
BRDA:44,3,0,1
BRDA:44,3,1,2
BRDA:44,4,0,3
BRDA:44,4,1,1
BRDA:46,5,0,1
BRDA:46,5,1,1
BRDA:46,6,0,2
BRDA:46,6,1,1
BRF:15
BRH:15
end_of_record
TN:
SF:Classes/UnitOfMeasure/UnitOfMeasure.js
FN:8,(anonymous_0)
FN:18,(anonymous_1)
FNF:2
FNH:2
FNDA:16,(anonymous_0)
FNDA:8,(anonymous_1)
DA:2,3
DA:9,16
DA:10,1
DA:13,15
DA:14,15
DA:15,15
DA:19,8
DA:23,3
LF:8
LH:8
BRDA:9,0,0,1
BRDA:9,0,1,15
BRF:2
BRH:2
end_of_record
